nohup: ignoring input
Configuration file loaded: config/HD209458b_joint.toml
Loading data: 
  ../data/HD209458b/HST/results_G430L_20030503.h5
  ../data/HD209458b/HST/results_G430L_20030625.h5
  ../data/HD209458b/HST/results_G750L_20030531.h5
  ../data/HD209458b/HST/results_G750L_20030705.h5
  ../data/HD209458b/HST/WFC3G141_Iraclis_Deming12181.h5
  ../data/HD209458b/JWST/NIRCAM_F322W2_new.h5
  ../data/HD209458b/JWST/NIRCAM_F444W_new.h5
Loaded dataset #0 with nwl=18, nt=311.
No wavelength binning applied. Running retrievals on native resolution.
Loaded dataset #1 with nwl=18, nt=305.
No wavelength binning applied. Running retrievals on native resolution.
Loaded dataset #2 with nwl=29, nt=341.
No wavelength binning applied. Running retrievals on native resolution.
Loaded dataset #3 with nwl=29, nt=331.
No wavelength binning applied. Running retrievals on native resolution.
Loaded dataset #4 with nwl=25, nt=115.
No wavelength binning applied. Running retrievals on native resolution.
Loaded dataset #5 with nwl=1541, nt=9472.
Wavelength binning applied with resolution R=50. New nwl=24.
Loaded dataset #6 with nwl=1017, nt=5701.
Wavelength binning applied with resolution R=50. New nwl=12.
Initializing atmospheric model...
Loading Radtrans opacities...
 Loading line opacities of species 'H2O' from file '/home/ubuntu/petitRADTRANS/input_data/opacities/lines/line_by_line/H2O/1H2-16O/1H2-16O__POKAZATEL.R15000_0.3-50mu.xsec.TauREx.h5'... Done.
 Loading line opacities of species 'CO' from file '/home/ubuntu/petitRADTRANS/input_data/opacities/lines/line_by_line/CO/12C-16O/12C-16O__Li2015.R15000_0.3-50mu.xsec.TauREx.h5'... Done.
 Loading line opacities of species 'CO2' from file '/home/ubuntu/petitRADTRANS/input_data/opacities/lines/line_by_line/CO2/12C-16O2/12C-16O2__UCL-4000.R15000_0.3-50mu.xsec.TauREx.h5'... Done.
 Loading line opacities of species 'CH4' from file '/home/ubuntu/petitRADTRANS/input_data/opacities/lines/line_by_line/CH4/12C-1H4/12C-1H4__MM.R15000_0.3-50mu.xsec.TauREx.h5'... Done.
 Loading line opacities of species 'NH3' from file '/home/ubuntu/petitRADTRANS/input_data/opacities/lines/line_by_line/NH3/14N-1H3/14N-1H3__CoYuTe.R15000_0.3-50mu.xsec.TauREx.h5'... Done.
 Loading line opacities of species 'SiO' from file '/home/ubuntu/petitRADTRANS/input_data/opacities/lines/line_by_line/SiO/28Si-16O/28Si-16O__SiOUVenIR.R15000_0.3-50mu.xsec.TauREx.h5'... Done.
 Loading line opacities of species 'C2H2' from file '/home/ubuntu/petitRADTRANS/input_data/opacities/lines/line_by_line/C2H2/12C2-1H2/12C2-1H2__aCeTY.R15000_0.3-50mu.xsec.TauREx.h5'... Done.
 Loading line opacities of species 'HCN' from file '/home/ubuntu/petitRADTRANS/input_data/opacities/lines/line_by_line/HCN/1H-12C-14N/1H-12C-14N__Harris.R15000_0.3-50mu.xsec.TauREx.h5'... Done.
 Loading line opacities of species 'Na' from file '/home/ubuntu/petitRADTRANS/input_data/opacities/lines/line_by_line/Na/23Na/23Na__Kurucz-Na.R15000_0.3-50mu.xsec.TauREx.h5'... Done.
 Loading line opacities of species 'K' from file '/home/ubuntu/petitRADTRANS/input_data/opacities/lines/line_by_line/K/39K/39K__Kurucz-K.R15000_0.3-50mu.xsec.TauREx.h5'... Done.
 Successfully loaded all line opacities
 Loading CIA opacities for H2--H2 from file '/home/ubuntu/petitRADTRANS/input_data/opacities/continuum/collision_induced_absorptions/H2--H2/H2--H2-NatAbund/H2--H2-NatAbund__BoRi.R831_0.6-250mu.ciatable.petitRADTRANS.h5'... Done.
 Loading CIA opacities for H2--He from file '/home/ubuntu/petitRADTRANS/input_data/opacities/continuum/collision_induced_absorptions/H2--He/H2--He-NatAbund/H2--He-NatAbund__BoRi.DeltaWavenumber2_0.5-500mu.ciatable.petitRADTRANS.h5'... Done.
 Successfully loaded all CIA opacities
Successfully loaded all opacities
Initializing LDTk model... It takes several minutes. Be patient!
Initializing ExoIris model...
  0 |G| rho            N(μ = 1.04, σ = 0.07)                    [    0.00 ..      inf]
  1 |G| p              N(μ = 3.52474859, σ = 3.8e-07)           [    0.00 ..      inf]
  2 |G| b              N(μ = 0.5056, σ = 0.0133)                [    0.00 ..      inf]
  3 |G| tc_00          U(a = 2459890.15, b = 2459890.25)        [    -inf ..      inf]
  4 |G| teff           N(μ = 6091.0, σ = 50.0)                  [    0.00 ..      inf]
  5 |G| logg           N(μ = 4.45, σ = 0.02)                    [    0.00 ..      inf]
  6 |G| metal          N(μ = 0.01, σ = 0.05)                    [    -inf ..      inf]
  7 |G| mp             N(μ = 0.73, σ = 0.04)                    [    0.00 ..      inf]
  8 |G| ref_p          U(a = -10, b = 2)                        [    -inf ..      inf]
  9 |G| cloud_p        U(a = -10, b = 2)                        [    -inf ..      inf]
 10 |G| kir            U(a = -5, b = 2)                         [    -inf ..      inf]
 11 |G| gamma          U(a = -3, b = 3)                         [    -inf ..      inf]
 12 |G| tint           U(a = 10, b = 500)                       [    0.00 ..      inf]
 13 |G| m2h            U(a = -1, b = 3)                         [    -inf ..      inf]
 14 |G| c2o            U(a = 0.1, b = 1.6)                      [    0.00 ..      inf]
 15 |G| cloud_f        U(a = 0.0, b = 1.0)                      [    0.00 ..     1.00]
 16 |G| sigma_m_00     U(a = 0.5, b = 5)                        [    0.00 ..      inf]
 17 |G| sigma_m_01     U(a = 0.5, b = 5)                        [    0.00 ..      inf]
 18 |G| sigma_m_02     U(a = 0.5, b = 5)                        [    0.00 ..      inf]
 19 |G| sigma_m_03     U(a = 0.5, b = 5)                        [    0.00 ..      inf]
 20 |G| sigma_m_04     U(a = 0.5, b = 5)                        [    0.00 ..      inf]
 21 |G| sigma_m_05     U(a = 0.5, b = 5)                        [    0.00 ..      inf]
 22 |G| sigma_m_06     U(a = 0.5, b = 5)                        [    0.00 ..      inf]
A preview of white light curve fit saved as ../results/HD209458b/results-260430-joint/white_fit.png.
Traceback (most recent call last):
  File "/home/ubuntu/work/lcretrieval/source/lcr_exec_mcmc.py", line 157, in <module>
    ll = exoiris._tsa.lnlike
         ^^^^^^^^^^^^^^^^^^^
AttributeError: 'TSLPF' object has no attribute 'lnlike'
